  BHeap.cpp
  CMUgraphics.cpp
A:\Google Drive\College\UST-ZC\Junior\'20_Spring\CIE 205\Project\O P\CIE-205---Project\Restaurant\CMUgraphicsLib\CMUgraphics.cpp(751,1): warning C4996: 'strcpy': This function or variable may be unsafe. Consider using strcpy_s instead. To disable deprecation, use _CRT_SECURE_NO_WARNINGS. See online help for details.
C:\Program Files (x86)\Windows Kits\10\Include\10.0.18362.0\ucrt\string.h(133): message : see declaration of 'strcpy'
A:\Google Drive\College\UST-ZC\Junior\'20_Spring\CIE 205\Project\O P\CIE-205---Project\Restaurant\CMUgraphicsLib\CMUgraphics.cpp(1164,1): warning C4996: 'sprintf': This function or variable may be unsafe. Consider using sprintf_s instead. To disable deprecation, use _CRT_SECURE_NO_WARNINGS. See online help for details.
C:\Program Files (x86)\Windows Kits\10\Include\10.0.18362.0\ucrt\stdio.h(1774): message : see declaration of 'sprintf'
A:\Google Drive\College\UST-ZC\Junior\'20_Spring\CIE 205\Project\O P\CIE-205---Project\Restaurant\CMUgraphicsLib\CMUgraphics.cpp(1171,1): warning C4996: 'sprintf': This function or variable may be unsafe. Consider using sprintf_s instead. To disable deprecation, use _CRT_SECURE_NO_WARNINGS. See online help for details.
C:\Program Files (x86)\Windows Kits\10\Include\10.0.18362.0\ucrt\stdio.h(1774): message : see declaration of 'sprintf'
A:\Google Drive\College\UST-ZC\Junior\'20_Spring\CIE 205\Project\O P\CIE-205---Project\Restaurant\CMUgraphicsLib\CMUgraphics.cpp(1202,1): warning C4996: 'sprintf': This function or variable may be unsafe. Consider using sprintf_s instead. To disable deprecation, use _CRT_SECURE_NO_WARNINGS. See online help for details.
C:\Program Files (x86)\Windows Kits\10\Include\10.0.18362.0\ucrt\stdio.h(1774): message : see declaration of 'sprintf'
A:\Google Drive\College\UST-ZC\Junior\'20_Spring\CIE 205\Project\O P\CIE-205---Project\Restaurant\CMUgraphicsLib\CMUgraphics.cpp(1210,1): warning C4996: 'sprintf': This function or variable may be unsafe. Consider using sprintf_s instead. To disable deprecation, use _CRT_SECURE_NO_WARNINGS. See online help for details.
C:\Program Files (x86)\Windows Kits\10\Include\10.0.18362.0\ucrt\stdio.h(1774): message : see declaration of 'sprintf'
A:\Google Drive\College\UST-ZC\Junior\'20_Spring\CIE 205\Project\O P\CIE-205---Project\Restaurant\CMUgraphicsLib\CMUgraphics.cpp(1357,23): warning C4018: '>': signed/unsigned mismatch
  colors.cpp
  image.cpp
A:\Google Drive\College\UST-ZC\Junior\'20_Spring\CIE 205\Project\O P\CIE-205---Project\Restaurant\CMUgraphicsLib\image.cpp(115,29): warning C4018: '<': signed/unsigned mismatch
  keyqueue.cpp
  mousequeue.cpp
  windowinput.cpp
  Demo_Main.cpp
  Event.cpp
  ArrivalEvent.cpp
A:\Google Drive\College\UST-ZC\Junior\'20_Spring\CIE 205\Project\O P\CIE-205---Project\Restaurant\Events\ArrivalEvent.cpp(25,17): warning C4244: 'argument': conversion from 'double' to 'const int', possible loss of data
A:\Google Drive\College\UST-ZC\Junior\'20_Spring\CIE 205\Project\O P\CIE-205---Project\Restaurant\Events\ArrivalEvent.cpp(34,18): warning C4244: 'argument': conversion from 'double' to 'const int', possible loss of data
A:\Google Drive\College\UST-ZC\Junior\'20_Spring\CIE 205\Project\O P\CIE-205---Project\Restaurant\Events\ArrivalEvent.cpp(44,18): warning C4244: 'argument': conversion from 'double' to 'const int', possible loss of data
A:\Google Drive\College\UST-ZC\Junior\'20_Spring\CIE 205\Project\O P\CIE-205---Project\Restaurant\Events\ArrivalEvent.cpp(52,17): warning C4244: 'argument': conversion from 'double' to 'const int', possible loss of data
  GUI.cpp
  Cook.cpp
  Order.cpp
  Restaurant.cpp
A:\Google Drive\College\UST-ZC\Junior\'20_Spring\CIE 205\Project\O P\CIE-205---Project\Restaurant\Rest\Restaurant.cpp(82,9): warning C4101: 'pOrd': unreferenced local variable
A:\Google Drive\College\UST-ZC\Junior\'20_Spring\CIE 205\Project\O P\CIE-205---Project\Restaurant\Rest\Restaurant.cpp(182,32): warning C4101: 'dir': unreferenced local variable
A:\Google Drive\College\UST-ZC\Junior\'20_Spring\CIE 205\Project\O P\CIE-205---Project\Restaurant\Rest\Restaurant.cpp(153,21): warning C4101: 'BC': unreferenced local variable
A:\Google Drive\College\UST-ZC\Junior\'20_Spring\CIE 205\Project\O P\CIE-205---Project\Restaurant\Rest\Restaurant.cpp(153,43): warning C4101: 'SM': unreferenced local variable
A:\Google Drive\College\UST-ZC\Junior\'20_Spring\CIE 205\Project\O P\CIE-205---Project\Restaurant\Rest\Restaurant.cpp(153,25): warning C4101: 'BM': unreferenced local variable
A:\Google Drive\College\UST-ZC\Junior\'20_Spring\CIE 205\Project\O P\CIE-205---Project\Restaurant\Rest\Restaurant.cpp(153,40): warning C4101: 'SC': unreferenced local variable
A:\Google Drive\College\UST-ZC\Junior\'20_Spring\CIE 205\Project\O P\CIE-205---Project\Restaurant\Rest\Restaurant.cpp(552,118): error C2039: 'CountNodes': is not a member of 'priorityQueue<Order *>'
A:\Google Drive\College\UST-ZC\Junior\'20_Spring\CIE 205\Project\O P\CIE-205---Project\Restaurant\Rest\Restaurant.h(43): message : see declaration of 'priorityQueue<Order *>'
A:\Google Drive\College\UST-ZC\Junior\'20_Spring\CIE 205\Project\O P\CIE-205---Project\Restaurant\Rest\Restaurant.cpp(553,68): error C2039: 'CountNodes': is not a member of 'Queue<Order *>'
A:\Google Drive\College\UST-ZC\Junior\'20_Spring\CIE 205\Project\O P\CIE-205---Project\Restaurant\Rest\Restaurant.h(39): message : see declaration of 'Queue<Order *>'
A:\Google Drive\College\UST-ZC\Junior\'20_Spring\CIE 205\Project\O P\CIE-205---Project\Restaurant\Rest\Restaurant.cpp(553,136): error C2039: 'CountNodes': is not a member of 'Queue<Order *>'
A:\Google Drive\College\UST-ZC\Junior\'20_Spring\CIE 205\Project\O P\CIE-205---Project\Restaurant\Rest\Restaurant.h(39): message : see declaration of 'Queue<Order *>'
A:\Google Drive\College\UST-ZC\Junior\'20_Spring\CIE 205\Project\O P\CIE-205---Project\Restaurant\Rest\Restaurant.cpp(554,59): error C2039: 'CountNodes': is not a member of 'priorityQueue<Cook *>'
A:\Google Drive\College\UST-ZC\Junior\'20_Spring\CIE 205\Project\O P\CIE-205---Project\Restaurant\Rest\Restaurant.h(60): message : see declaration of 'priorityQueue<Cook *>'
A:\Google Drive\College\UST-ZC\Junior\'20_Spring\CIE 205\Project\O P\CIE-205---Project\Restaurant\Rest\Restaurant.cpp(554,116): error C2039: 'CountNodes': is not a member of 'priorityQueue<Cook *>'
A:\Google Drive\College\UST-ZC\Junior\'20_Spring\CIE 205\Project\O P\CIE-205---Project\Restaurant\Rest\Restaurant.h(60): message : see declaration of 'priorityQueue<Cook *>'
A:\Google Drive\College\UST-ZC\Junior\'20_Spring\CIE 205\Project\O P\CIE-205---Project\Restaurant\Rest\Restaurant.cpp(554,173): error C2039: 'CountNodes': is not a member of 'priorityQueue<Cook *>'
A:\Google Drive\College\UST-ZC\Junior\'20_Spring\CIE 205\Project\O P\CIE-205---Project\Restaurant\Rest\Restaurant.h(60): message : see declaration of 'priorityQueue<Cook *>'
A:\Google Drive\College\UST-ZC\Junior\'20_Spring\CIE 205\Project\O P\CIE-205---Project\Restaurant\Rest\Restaurant.cpp(254,1): warning C4996: 'itoa': The POSIX name for this item is deprecated. Instead, use the ISO C and C++ conformant name: _itoa. See online help for details.
C:\Program Files (x86)\Windows Kits\10\Include\10.0.18362.0\ucrt\stdlib.h(1323): message : see declaration of 'itoa'
  Generating Code...
